0 verbose cli /usr/local/bin/node /usr/local/bin/npm
1 info using npm@9.8.1
2 info using node@v18.18.2
3 timing npm:load:whichnode Completed in 1ms
4 timing config:load:defaults Completed in 65ms
5 timing config:load:file:/usr/local/lib/node_modules/npm/npmrc Completed in 101ms
6 timing config:load:builtin Completed in 101ms
7 warn config production Use `--omit=dev` instead.
8 timing config:load:cli Completed in 13ms
9 timing config:load:env Completed in 1ms
10 timing config:load:project Completed in 1ms
11 timing config:load:file:/home/container/.npmrc Completed in 0ms
12 timing config:load:user Completed in 0ms
13 timing config:load:file:/usr/local/etc/npmrc Completed in 0ms
14 timing config:load:global Completed in 0ms
15 timing config:load:setEnvs Completed in 1ms
16 timing config:load Completed in 182ms
17 timing npm:load:configload Completed in 183ms
18 timing config:load:flatten Completed in 16ms
19 timing npm:load:mkdirpcache Completed in 1ms
20 timing npm:load:mkdirplogs Completed in 0ms
21 verbose title npm install
22 verbose argv "install" "--production"
23 timing npm:load:setTitle Completed in 2ms
24 timing npm:load:display Completed in 6ms
25 verbose logfile logs-max:10 dir:/home/container/.npm/_logs/2023-10-25T05_07_13_210Z-
26 verbose logfile /home/container/.npm/_logs/2023-10-25T05_07_13_210Z-debug-0.log
27 timing npm:load:logFile Completed in 90ms
28 timing npm:load:timers Completed in 0ms
29 timing npm:load:configScope Completed in 0ms
30 timing npm:load Completed in 492ms
31 timing arborist:ctor Completed in 1ms
32 silly logfile done cleaning log files
33 timing idealTree:init Completed in 182ms
34 timing idealTree:userRequests Completed in 0ms
35 silly idealTree buildDeps
36 timing idealTree:#root Completed in 0ms
37 timing idealTree:buildDeps Completed in 2ms
38 timing idealTree:fixDepFlags Completed in 0ms
39 timing idealTree Completed in 187ms
40 timing arborist:ctor Completed in 0ms
41 timing reify:loadTrees Completed in 195ms
42 timing reify:diffTrees Completed in 5ms
43 silly reify moves {}
44 timing reify:retireShallow Completed in 11ms
45 timing reify:createSparse Completed in 0ms
46 timing reify:trashOmits Completed in 0ms
47 timing reify:loadBundles Completed in 0ms
48 silly audit bulk request {
48 silly audit   eventemitter3: [ '4.0.7' ],
48 silly audit   'follow-redirects': [ '1.15.3' ],
48 silly audit   'http-proxy': [ '1.18.1' ],
48 silly audit   'requires-port': [ '1.0.0' ],
48 silly audit   ws: [ '8.14.2' ]
48 silly audit }
49 timing reify:unpack Completed in 1ms
50 timing reify:unretire Completed in 0ms
51 timing build:queue Completed in 0ms
52 timing build:deps Completed in 0ms
53 timing build Completed in 1ms
54 timing reify:build Completed in 1ms
55 timing reify:trash Completed in 0ms
56 silly audit bulk request failed undefined
57 verbose audit error FetchError: request to https://registry.npmjs.org/-/npm/v1/security/audits/quick failed, reason: getaddrinfo EAI_AGAIN registry.npmjs.org
57 verbose audit error     at ClientRequest.<anonymous> (/usr/local/lib/node_modules/npm/node_modules/minipass-fetch/lib/index.js:130:14)
57 verbose audit error     at ClientRequest.emit (node:events:517:28)
57 verbose audit error     at TLSSocket.socketErrorListener (node:_http_client:501:9)
57 verbose audit error     at TLSSocket.emit (node:events:529:35)
57 verbose audit error     at emitErrorNT (node:internal/streams/destroy:151:8)
57 verbose audit error     at emitErrorCloseNT (node:internal/streams/destroy:116:3)
57 verbose audit error     at process.processTicksAndRejections (node:internal/process/task_queues:82:21) {
57 verbose audit error   code: 'EAI_AGAIN',
57 verbose audit error   errno: 'EAI_AGAIN',
57 verbose audit error   syscall: 'getaddrinfo',
57 verbose audit error   hostname: 'registry.npmjs.org',
57 verbose audit error   type: 'system'
57 verbose audit error }
58 silly audit error undefined
59 timing auditReport:getReport Completed in 274ms
60 silly audit report null
61 timing reify:audit Completed in 275ms
62 timing reify:save Completed in 184ms
63 timing reify Completed in 921ms
64 timing command:install Completed in 1059ms
65 verbose exit 0
66 timing npm Completed in 2674ms
67 info ok
