0 verbose cli /usr/local/bin/node /usr/local/bin/npm
1 info using npm@9.8.1
2 info using node@v18.18.1
3 timing npm:load:whichnode Completed in 10ms
4 timing config:load:defaults Completed in 51ms
5 timing config:load:file:/usr/local/lib/node_modules/npm/npmrc Completed in 4ms
6 timing config:load:builtin Completed in 5ms
7 warn config production Use `--omit=dev` instead.
8 timing config:load:cli Completed in 12ms
9 timing config:load:env Completed in 2ms
10 timing config:load:project Completed in 87ms
11 timing config:load:file:/home/container/.npmrc Completed in 0ms
12 timing config:load:user Completed in 0ms
13 timing config:load:file:/usr/local/etc/npmrc Completed in 0ms
14 timing config:load:global Completed in 0ms
15 timing config:load:setEnvs Completed in 1ms
16 timing config:load Completed in 161ms
17 timing npm:load:configload Completed in 162ms
18 timing config:load:flatten Completed in 12ms
19 timing npm:load:mkdirpcache Completed in 1ms
20 timing npm:load:mkdirplogs Completed in 0ms
21 verbose title npm install
22 verbose argv "install" "--production"
23 timing npm:load:setTitle Completed in 1ms
24 timing npm:load:display Completed in 3ms
25 verbose logfile logs-max:10 dir:/home/container/.npm/_logs/2023-10-18T04_05_44_899Z-
26 verbose logfile /home/container/.npm/_logs/2023-10-18T04_05_44_899Z-debug-0.log
27 timing npm:load:logFile Completed in 78ms
28 timing npm:load:timers Completed in 0ms
29 timing npm:load:configScope Completed in 0ms
30 timing npm:load Completed in 369ms
31 timing arborist:ctor Completed in 1ms
32 silly logfile done cleaning log files
33 timing arborist:ctor Completed in 0ms
34 timing idealTree:init Completed in 101ms
35 timing idealTree:userRequests Completed in 0ms
36 silly idealTree buildDeps
37 silly fetch manifest http-proxy@latest
38 http fetch GET 200 https://registry.npmjs.org/http-proxy 614ms (cache miss)
39 silly fetch manifest ws@^8.13.0
40 http fetch GET 200 https://registry.npmjs.org/ws 11ms (cache hit)
41 silly fetch manifest bufferutil@^4.0.1
42 http fetch GET 200 https://registry.npmjs.org/bufferutil 88ms (cache hit)
43 silly fetch manifest utf-8-validate@>=5.0.2
44 http fetch GET 200 https://registry.npmjs.org/utf-8-validate 9ms (cache hit)
45 silly placeDep ROOT http-proxy@1.18.1 OK for: nodejs-proxy@1.0.0 want: latest
46 silly fetch manifest eventemitter3@^4.0.0
47 silly fetch manifest requires-port@^1.0.0
48 silly fetch manifest follow-redirects@^1.0.0
49 silly placeDep ROOT ws@8.14.2 OK for: nodejs-proxy@1.0.0 want: ^8.13.0
50 http fetch GET 200 https://registry.npmjs.org/eventemitter3 105ms (cache miss)
51 http fetch GET 200 https://registry.npmjs.org/follow-redirects 166ms (cache miss)
52 http fetch GET 200 https://registry.npmjs.org/requires-port 346ms (cache miss)
53 timing idealTree:#root Completed in 1331ms
54 silly placeDep ROOT eventemitter3@4.0.7 OK for: http-proxy@1.18.1 want: ^4.0.0
55 silly placeDep ROOT follow-redirects@1.15.3 OK for: http-proxy@1.18.1 want: ^1.0.0
56 silly placeDep ROOT requires-port@1.0.0 OK for: http-proxy@1.18.1 want: ^1.0.0
57 timing idealTree:node_modules/http-proxy Completed in 4ms
58 timing idealTree:node_modules/eventemitter3 Completed in 0ms
59 timing idealTree:node_modules/follow-redirects Completed in 0ms
60 timing idealTree:node_modules/requires-port Completed in 0ms
61 timing idealTree:node_modules/ws Completed in 0ms
62 timing idealTree:buildDeps Completed in 1336ms
63 timing idealTree:fixDepFlags Completed in 1ms
64 timing idealTree Completed in 1440ms
65 timing reify:loadTrees Completed in 1442ms
66 timing reify:diffTrees Completed in 1ms
67 silly reify moves {}
68 timing reify:retireShallow Completed in 1ms
69 timing reify:createSparse Completed in 3ms
70 timing reify:trashOmits Completed in 0ms
71 timing reify:loadBundles Completed in 0ms
72 silly audit bulk request {
72 silly audit   'http-proxy': [ '1.18.1' ],
72 silly audit   ws: [ '8.14.2' ],
72 silly audit   eventemitter3: [ '4.0.7' ],
72 silly audit   'follow-redirects': [ '1.15.3' ],
72 silly audit   'requires-port': [ '1.0.0' ]
72 silly audit }
73 silly tarball no local data for requires-port@https://registry.npmjs.org/requires-port/-/requires-port-1.0.0.tgz. Extracting by manifest.
74 silly tarball no local data for follow-redirects@https://registry.npmjs.org/follow-redirects/-/follow-redirects-1.15.3.tgz. Extracting by manifest.
75 silly tarball no local data for eventemitter3@https://registry.npmjs.org/eventemitter3/-/eventemitter3-4.0.7.tgz. Extracting by manifest.
76 silly tarball no local data for ws@https://registry.npmjs.org/ws/-/ws-8.14.2.tgz. Extracting by manifest.
77 silly tarball no local data for http-proxy@https://registry.npmjs.org/http-proxy/-/http-proxy-1.18.1.tgz. Extracting by manifest.
78 http fetch GET 200 https://registry.npmjs.org/requires-port/-/requires-port-1.0.0.tgz 195ms (cache miss)
79 timing reifyNode:node_modules/requires-port Completed in 220ms
80 http fetch GET 200 https://registry.npmjs.org/follow-redirects/-/follow-redirects-1.15.3.tgz 276ms (cache miss)
81 timing reifyNode:node_modules/follow-redirects Completed in 301ms
82 http fetch POST 200 https://registry.npmjs.org/-/npm/v1/security/advisories/bulk 342ms
83 timing auditReport:getReport Completed in 344ms
84 silly audit report {}
85 timing auditReport:init Completed in 0ms
86 timing reify:audit Completed in 345ms
87 http fetch GET 200 https://registry.npmjs.org/eventemitter3/-/eventemitter3-4.0.7.tgz 574ms (cache miss)
88 timing reifyNode:node_modules/eventemitter3 Completed in 599ms
89 http fetch GET 200 https://registry.npmjs.org/ws/-/ws-8.14.2.tgz 589ms (cache miss)
90 timing reifyNode:node_modules/ws Completed in 615ms
91 http fetch GET 200 https://registry.npmjs.org/http-proxy/-/http-proxy-1.18.1.tgz 591ms (cache miss)
92 timing reifyNode:node_modules/http-proxy Completed in 619ms
93 timing reify:unpack Completed in 620ms
94 timing reify:unretire Completed in 0ms
95 timing build:queue Completed in 78ms
96 timing build:deps Completed in 78ms
97 timing build Completed in 79ms
98 timing reify:build Completed in 79ms
99 timing reify:trash Completed in 0ms
100 timing reify:save Completed in 5ms
101 timing reify Completed in 2201ms
102 silly ADD node_modules/requires-port
103 silly ADD node_modules/follow-redirects
104 silly ADD node_modules/eventemitter3
105 silly ADD node_modules/ws
106 silly ADD node_modules/http-proxy
107 timing command:install Completed in 2212ms
108 verbose exit 0
109 timing npm Completed in 3688ms
110 info ok
