0 verbose cli /usr/local/bin/node /usr/local/bin/npm
1 info using npm@9.8.1
2 info using node@v18.18.1
3 timing npm:load:whichnode Completed in 84ms
4 timing config:load:defaults Completed in 2ms
5 timing config:load:file:/usr/local/lib/node_modules/npm/npmrc Completed in 1ms
6 timing config:load:builtin Completed in 1ms
7 warn config production Use `--omit=dev` instead.
8 timing config:load:cli Completed in 100ms
9 timing config:load:env Completed in 1ms
10 timing config:load:project Completed in 1ms
11 timing config:load:file:/home/container/.npmrc Completed in 2ms
12 timing config:load:user Completed in 2ms
13 timing config:load:file:/usr/local/etc/npmrc Completed in 0ms
14 timing config:load:global Completed in 1ms
15 timing config:load:setEnvs Completed in 2ms
16 timing config:load Completed in 111ms
17 timing npm:load:configload Completed in 111ms
18 timing config:load:flatten Completed in 82ms
19 timing npm:load:mkdirpcache Completed in 1ms
20 timing npm:load:mkdirplogs Completed in 0ms
21 verbose title npm install
22 verbose argv "install" "--production"
23 timing npm:load:setTitle Completed in 1ms
24 timing npm:load:display Completed in 2ms
25 verbose logfile logs-max:10 dir:/home/container/.npm/_logs/2023-10-18T04_03_16_092Z-
26 verbose logfile /home/container/.npm/_logs/2023-10-18T04_03_16_092Z-debug-0.log
27 timing npm:load:logFile Completed in 95ms
28 timing npm:load:timers Completed in 0ms
29 timing npm:load:configScope Completed in 0ms
30 timing npm:load Completed in 483ms
31 timing arborist:ctor Completed in 1ms
32 silly logfile done cleaning log files
33 timing arborist:ctor Completed in 1ms
34 timing idealTree:init Completed in 97ms
35 timing idealTree:userRequests Completed in 1ms
36 silly idealTree buildDeps
37 silly fetch manifest http-proxy@latest
38 silly fetch manifest ws@^8.13.0
39 http fetch GET 200 https://registry.npmjs.org/ws 70199ms attempt #3 (cache miss)
40 silly fetch manifest bufferutil@^4.0.1
41 http fetch GET 200 https://registry.npmjs.org/bufferutil 42ms (cache miss)
42 silly fetch manifest utf-8-validate@>=5.0.2
43 http fetch GET 200 https://registry.npmjs.org/utf-8-validate 48ms (cache miss)
44 silly placeDep ROOT http-proxy@ OK for: nodejs-proxy@1.0.0 want: latest
45 silly placeDep ROOT ws@8.14.2 OK for: nodejs-proxy@1.0.0 want: ^8.13.0
46 timing idealTree:#root Completed in 140807ms
47 timing idealTree:node_modules/http-proxy Completed in 0ms
48 timing idealTree:node_modules/ws Completed in 0ms
49 timing idealTree:buildDeps Completed in 140808ms
50 timing idealTree:fixDepFlags Completed in 1ms
51 timing idealTree Completed in 140907ms
52 timing command:install Completed in 141000ms
53 verbose type system
54 verbose stack FetchError: request to https://registry.npmjs.org/http-proxy failed, reason: getaddrinfo EAI_AGAIN registry.npmjs.org
54 verbose stack     at ClientRequest.<anonymous> (/usr/local/lib/node_modules/npm/node_modules/minipass-fetch/lib/index.js:130:14)
54 verbose stack     at ClientRequest.emit (node:events:517:28)
54 verbose stack     at TLSSocket.socketErrorListener (node:_http_client:501:9)
54 verbose stack     at TLSSocket.emit (node:events:529:35)
54 verbose stack     at emitErrorNT (node:internal/streams/destroy:151:8)
54 verbose stack     at emitErrorCloseNT (node:internal/streams/destroy:116:3)
54 verbose stack     at process.processTicksAndRejections (node:internal/process/task_queues:82:21)
55 verbose cwd /home/container
56 verbose Linux 5.15.0-79-generic
57 verbose node v18.18.1
58 verbose npm  v9.8.1
59 error code EAI_AGAIN
60 error syscall getaddrinfo
61 error errno EAI_AGAIN
62 error request to https://registry.npmjs.org/http-proxy failed, reason: getaddrinfo EAI_AGAIN registry.npmjs.org
63 verbose exit 1
64 timing npm Completed in 142688ms
65 verbose unfinished npm timer reify 1697601797701
66 verbose unfinished npm timer reify:loadTrees 1697601797788
67 verbose code 1
68 error A complete log of this run can be found in: /home/container/.npm/_logs/2023-10-18T04_03_16_092Z-debug-0.log
